INFO:     Will watch for changes in these directories: ['/Users/varun/Desktop/classes_fall 24-25/senior design/emps-api']
INFO:     Uvicorn running on http://0.0.0.0:8000 (Press CTRL+C to quit)
INFO:     Started reloader process [98618] using StatReload
INFO:     Started server process [98625]
INFO:     Waiting for application startup.
INFO:     Application startup complete.
Error connecting to database
Error connecting to database
INFO:     127.0.0.1:63840 - "GET / HTTP/1.1" 200 OK
INFO:     127.0.0.1:63840 - "GET / HTTP/1.1" 200 OK
INFO:     127.0.0.1:63848 - "OPTIONS /test HTTP/1.1" 200 OK
INFO:     127.0.0.1:63848 - "GET /test HTTP/1.1" 422 Unprocessable Entity
WARNING:  StatReload detected changes in 'main.py'. Reloading...
INFO:     Shutting down
INFO:     Waiting for application shutdown.
INFO:     Application shutdown complete.
INFO:     Finished server process [98625]
INFO:     Started server process [98802]
INFO:     Waiting for application startup.
INFO:     Application startup complete.
Error connecting to database
Error connecting to database
INFO:     127.0.0.1:63999 - "OPTIONS /test HTTP/1.1" 200 OK
INFO:     127.0.0.1:63999 - "GET /test HTTP/1.1" 422 Unprocessable Entity
INFO:     127.0.0.1:64003 - "OPTIONS /test HTTP/1.1" 200 OK
INFO:     127.0.0.1:64003 - "GET /test HTTP/1.1" 422 Unprocessable Entity
INFO:     127.0.0.1:64003 - "OPTIONS /test HTTP/1.1" 200 OK
INFO:     127.0.0.1:64005 - "GET /test HTTP/1.1" 422 Unprocessable Entity
INFO:     127.0.0.1:64005 - "OPTIONS /test HTTP/1.1" 200 OK
INFO:     127.0.0.1:64003 - "GET /test HTTP/1.1" 422 Unprocessable Entity
INFO:     127.0.0.1:64003 - "OPTIONS /test HTTP/1.1" 200 OK
INFO:     127.0.0.1:64005 - "GET /test HTTP/1.1" 422 Unprocessable Entity
INFO:     127.0.0.1:64005 - "OPTIONS /test HTTP/1.1" 200 OK
INFO:     127.0.0.1:64003 - "GET /test HTTP/1.1" 422 Unprocessable Entity
INFO:     127.0.0.1:64003 - "OPTIONS /test HTTP/1.1" 200 OK
INFO:     127.0.0.1:64005 - "GET /test HTTP/1.1" 422 Unprocessable Entity
INFO:     127.0.0.1:64005 - "OPTIONS /test HTTP/1.1" 200 OK
INFO:     127.0.0.1:64003 - "GET /test HTTP/1.1" 422 Unprocessable Entity
INFO:     127.0.0.1:64022 - "GET / HTTP/1.1" 200 OK
INFO:     127.0.0.1:64025 - "OPTIONS /test HTTP/1.1" 200 OK
INFO:     127.0.0.1:64025 - "GET /test HTTP/1.1" 422 Unprocessable Entity
INFO:     127.0.0.1:64034 - "OPTIONS /test HTTP/1.1" 200 OK
INFO:     127.0.0.1:64034 - "GET /test HTTP/1.1" 422 Unprocessable Entity
INFO:     127.0.0.1:64034 - "OPTIONS /test HTTP/1.1" 200 OK
INFO:     127.0.0.1:64036 - "GET /test HTTP/1.1" 422 Unprocessable Entity
INFO:     127.0.0.1:64038 - "OPTIONS /test HTTP/1.1" 200 OK
INFO:     127.0.0.1:64038 - "GET /test HTTP/1.1" 422 Unprocessable Entity
INFO:     127.0.0.1:64038 - "OPTIONS /test HTTP/1.1" 200 OK
INFO:     127.0.0.1:64040 - "GET /test HTTP/1.1" 422 Unprocessable Entity
INFO:     127.0.0.1:64040 - "OPTIONS /test HTTP/1.1" 200 OK
INFO:     127.0.0.1:64038 - "GET /test HTTP/1.1" 422 Unprocessable Entity
INFO:     127.0.0.1:64038 - "OPTIONS /test HTTP/1.1" 200 OK
INFO:     127.0.0.1:64040 - "GET /test HTTP/1.1" 422 Unprocessable Entity
INFO:     127.0.0.1:64040 - "OPTIONS /test HTTP/1.1" 200 OK
INFO:     127.0.0.1:64038 - "GET /test HTTP/1.1" 422 Unprocessable Entity
INFO:     127.0.0.1:64038 - "OPTIONS /test HTTP/1.1" 200 OK
INFO:     127.0.0.1:64040 - "GET /test HTTP/1.1" 422 Unprocessable Entity
INFO:     127.0.0.1:64040 - "OPTIONS /test HTTP/1.1" 200 OK
INFO:     127.0.0.1:64038 - "GET /test HTTP/1.1" 422 Unprocessable Entity
INFO:     127.0.0.1:64038 - "OPTIONS /test HTTP/1.1" 200 OK
INFO:     127.0.0.1:64040 - "GET /test HTTP/1.1" 422 Unprocessable Entity
INFO:     127.0.0.1:64040 - "OPTIONS /test HTTP/1.1" 200 OK
INFO:     127.0.0.1:64038 - "GET /test HTTP/1.1" 422 Unprocessable Entity
INFO:     127.0.0.1:64038 - "OPTIONS /test HTTP/1.1" 200 OK
INFO:     127.0.0.1:64040 - "GET /test HTTP/1.1" 422 Unprocessable Entity
INFO:     127.0.0.1:64040 - "OPTIONS /test HTTP/1.1" 200 OK
INFO:     127.0.0.1:64038 - "GET /test HTTP/1.1" 422 Unprocessable Entity
INFO:     127.0.0.1:64038 - "OPTIONS /test HTTP/1.1" 200 OK
INFO:     127.0.0.1:64040 - "GET /test HTTP/1.1" 422 Unprocessable Entity
INFO:     127.0.0.1:64040 - "OPTIONS /test HTTP/1.1" 200 OK
INFO:     127.0.0.1:64038 - "GET /test HTTP/1.1" 422 Unprocessable Entity
INFO:     127.0.0.1:52259 - "OPTIONS /test HTTP/1.1" 200 OK
INFO:     127.0.0.1:52259 - "GET /test HTTP/1.1" 422 Unprocessable Entity
INFO:     127.0.0.1:52264 - "OPTIONS /test HTTP/1.1" 200 OK
INFO:     127.0.0.1:52264 - "GET /test HTTP/1.1" 422 Unprocessable Entity
INFO:     127.0.0.1:52264 - "OPTIONS /test HTTP/1.1" 200 OK
INFO:     127.0.0.1:52266 - "GET /test HTTP/1.1" 422 Unprocessable Entity
INFO:     127.0.0.1:52266 - "OPTIONS /test HTTP/1.1" 200 OK
INFO:     127.0.0.1:52264 - "GET /test HTTP/1.1" 422 Unprocessable Entity
INFO:     127.0.0.1:52264 - "OPTIONS /test HTTP/1.1" 200 OK
INFO:     127.0.0.1:52266 - "GET /test HTTP/1.1" 422 Unprocessable Entity
INFO:     127.0.0.1:52383 - "OPTIONS /test HTTP/1.1" 200 OK
INFO:     127.0.0.1:52383 - "GET /test HTTP/1.1" 422 Unprocessable Entity
WARNING:  StatReload detected changes in 'main.py'. Reloading...
INFO:     Shutting down
INFO:     Waiting for application shutdown.
INFO:     Application shutdown complete.
INFO:     Finished server process [98802]
INFO:     Started server process [266]
INFO:     Waiting for application startup.
INFO:     Application startup complete.
Error connecting to database
Error connecting to database
INFO:     127.0.0.1:52419 - "OPTIONS /test HTTP/1.1" 200 OK
INFO:     127.0.0.1:52419 - "GET /test HTTP/1.1" 200 OK
INFO:     127.0.0.1:56740 - "GET / HTTP/1.1" 200 OK
INFO:     127.0.0.1:56743 - "GET / HTTP/1.1" 200 OK
INFO:     127.0.0.1:56783 - "GET / HTTP/1.1" 200 OK
INFO:     Shutting down
INFO:     Waiting for application shutdown.
INFO:     Application shutdown complete.
INFO:     Finished server process [266]
WARNING:  StatReload detected changes in 'main.py'. Reloading...
Fatal Python error: init_sys_streams: can't initialize sys standard streams
Python runtime state: core initialized
OSError: [Errno 9] Bad file descriptor

Current thread 0x00000001ed44fac0 (most recent call first):
  <no Python frame>
WARNING:  StatReload detected changes in 'main.py'. Reloading...
Fatal Python error: init_sys_streams: can't initialize sys standard streams
Python runtime state: core initialized
OSError: [Errno 9] Bad file descriptor

Current thread 0x00000001ed44fac0 (most recent call first):
  <no Python frame>
WARNING:  StatReload detected changes in 'services/mongo_interface.py'. Reloading...
Fatal Python error: init_sys_streams: can't initialize sys standard streams
Python runtime state: core initialized
OSError: [Errno 9] Bad file descriptor

Current thread 0x00000001ed44fac0 (most recent call first):
  <no Python frame>
WARNING:  StatReload detected changes in 'main.py'. Reloading...
Fatal Python error: init_sys_streams: can't initialize sys standard streams
Python runtime state: core initialized
OSError: [Errno 9] Bad file descriptor

Current thread 0x00000001ed44fac0 (most recent call first):
  <no Python frame>
WARNING:  StatReload detected changes in 'utils/get_mongo_client.py'. Reloading...
Fatal Python error: init_sys_streams: can't initialize sys standard streams
Python runtime state: core initialized
OSError: [Errno 9] Bad file descriptor

Current thread 0x00000001ed44fac0 (most recent call first):
  <no Python frame>
WARNING:  StatReload detected changes in 'services/mongo_interface.py'. Reloading...
Fatal Python error: init_sys_streams: can't initialize sys standard streams
Python runtime state: core initialized
OSError: [Errno 9] Bad file descriptor

Current thread 0x00000001ed44fac0 (most recent call first):
  <no Python frame>
WARNING:  StatReload detected changes in 'services/mongo_interface.py'. Reloading...
Fatal Python error: init_sys_streams: can't initialize sys standard streams
Python runtime state: core initialized
OSError: [Errno 9] Bad file descriptor

Current thread 0x00000001ed44fac0 (most recent call first):
  <no Python frame>
WARNING:  StatReload detected changes in 'main.py'. Reloading...
Fatal Python error: init_sys_streams: can't initialize sys standard streams
Python runtime state: core initialized
OSError: [Errno 9] Bad file descriptor

Current thread 0x00000001ed44fac0 (most recent call first):
  <no Python frame>
WARNING:  StatReload detected changes in 'main.py'. Reloading...
Fatal Python error: init_sys_streams: can't initialize sys standard streams
Python runtime state: core initialized
OSError: [Errno 9] Bad file descriptor

Current thread 0x00000001ed44fac0 (most recent call first):
  <no Python frame>
WARNING:  StatReload detected changes in 'controllers/users_controllers.py'. Reloading...
Fatal Python error: init_sys_streams: can't initialize sys standard streams
Python runtime state: core initialized
OSError: [Errno 9] Bad file descriptor

Current thread 0x00000001ed44fac0 (most recent call first):
  <no Python frame>
WARNING:  StatReload detected changes in 'services/mongo_interface.py'. Reloading...
Fatal Python error: init_sys_streams: can't initialize sys standard streams
Python runtime state: core initialized
OSError: [Errno 9] Bad file descriptor

Current thread 0x00000001ed44fac0 (most recent call first):
  <no Python frame>
WARNING:  StatReload detected changes in 'services/mongo_interface.py'. Reloading...
Fatal Python error: init_sys_streams: can't initialize sys standard streams
Python runtime state: core initialized
OSError: [Errno 9] Bad file descriptor

Current thread 0x00000001ed44fac0 (most recent call first):
  <no Python frame>
WARNING:  StatReload detected changes in 'services/mongo_interface.py'. Reloading...
Fatal Python error: init_sys_streams: can't initialize sys standard streams
Python runtime state: core initialized
OSError: [Errno 9] Bad file descriptor

Current thread 0x00000001ed44fac0 (most recent call first):
  <no Python frame>
WARNING:  StatReload detected changes in 'utils/get_mongo_client.py'. Reloading...
Fatal Python error: init_sys_streams: can't initialize sys standard streams
Python runtime state: core initialized
OSError: [Errno 9] Bad file descriptor

Current thread 0x00000001ed44fac0 (most recent call first):
  <no Python frame>
WARNING:  StatReload detected changes in 'services/mongo_interface.py'. Reloading...
Fatal Python error: init_sys_streams: can't initialize sys standard streams
Python runtime state: core initialized
OSError: [Errno 9] Bad file descriptor

Current thread 0x00000001ed44fac0 (most recent call first):
  <no Python frame>
WARNING:  StatReload detected changes in 'services/mongo_interface.py'. Reloading...
Fatal Python error: init_sys_streams: can't initialize sys standard streams
Python runtime state: core initialized
OSError: [Errno 9] Bad file descriptor

Current thread 0x00000001ed44fac0 (most recent call first):
  <no Python frame>
WARNING:  StatReload detected changes in 'services/mongo_interface.py'. Reloading...
Fatal Python error: init_sys_streams: can't initialize sys standard streams
Python runtime state: core initialized
OSError: [Errno 9] Bad file descriptor

Current thread 0x00000001ed44fac0 (most recent call first):
  <no Python frame>
WARNING:  StatReload detected changes in 'services/mongo_interface.py'. Reloading...
Fatal Python error: init_sys_streams: can't initialize sys standard streams
Python runtime state: core initialized
OSError: [Errno 9] Bad file descriptor

Current thread 0x00000001ed44fac0 (most recent call first):
  <no Python frame>
WARNING:  StatReload detected changes in 'services/mongo_interface.py'. Reloading...
Fatal Python error: init_sys_streams: can't initialize sys standard streams
Python runtime state: core initialized
OSError: [Errno 9] Bad file descriptor

Current thread 0x00000001ed44fac0 (most recent call first):
  <no Python frame>
WARNING:  StatReload detected changes in 'services/mongo_interface.py'. Reloading...
Fatal Python error: init_sys_streams: can't initialize sys standard streams
Python runtime state: core initialized
OSError: [Errno 9] Bad file descriptor

Current thread 0x00000001ed44fac0 (most recent call first):
  <no Python frame>
WARNING:  StatReload detected changes in 'controllers/users_controllers.py'. Reloading...
Fatal Python error: init_sys_streams: can't initialize sys standard streams
Python runtime state: core initialized
OSError: [Errno 9] Bad file descriptor

Current thread 0x00000001ed44fac0 (most recent call first):
  <no Python frame>
WARNING:  StatReload detected changes in 'main.py'. Reloading...
Fatal Python error: init_sys_streams: can't initialize sys standard streams
Python runtime state: core initialized
OSError: [Errno 9] Bad file descriptor

Current thread 0x00000001ed44fac0 (most recent call first):
  <no Python frame>
WARNING:  StatReload detected changes in 'utils/get_mongo_client.py'. Reloading...
Fatal Python error: init_sys_streams: can't initialize sys standard streams
Python runtime state: core initialized
OSError: [Errno 9] Bad file descriptor

Current thread 0x00000001ed44fac0 (most recent call first):
  <no Python frame>
WARNING:  StatReload detected changes in 'controllers/users_controllers.py'. Reloading...
Fatal Python error: init_sys_streams: can't initialize sys standard streams
Python runtime state: core initialized
OSError: [Errno 9] Bad file descriptor

Current thread 0x00000001ed44fac0 (most recent call first):
  <no Python frame>
WARNING:  StatReload detected changes in 'services/mongo_interface.py'. Reloading...
Fatal Python error: init_sys_streams: can't initialize sys standard streams
Python runtime state: core initialized
OSError: [Errno 9] Bad file descriptor

Current thread 0x00000001ed44fac0 (most recent call first):
  <no Python frame>
WARNING:  StatReload detected changes in 'main.py'. Reloading...
Fatal Python error: init_sys_streams: can't initialize sys standard streams
Python runtime state: core initialized
OSError: [Errno 9] Bad file descriptor

Current thread 0x00000001ed44fac0 (most recent call first):
  <no Python frame>
WARNING:  StatReload detected changes in 'main.py'. Reloading...
Fatal Python error: init_sys_streams: can't initialize sys standard streams
Python runtime state: core initialized
OSError: [Errno 9] Bad file descriptor

Current thread 0x00000001ed44fac0 (most recent call first):
  <no Python frame>
WARNING:  StatReload detected changes in 'controllers/energy_reading_controllers.py'. Reloading...
Fatal Python error: init_sys_streams: can't initialize sys standard streams
Python runtime state: core initialized
OSError: [Errno 9] Bad file descriptor

Current thread 0x00000001ed44fac0 (most recent call first):
  <no Python frame>
WARNING:  StatReload detected changes in 'controllers/energy_reading_controllers.py'. Reloading...
Fatal Python error: init_sys_streams: can't initialize sys standard streams
Python runtime state: core initialized
OSError: [Errno 9] Bad file descriptor

Current thread 0x00000001ed44fac0 (most recent call first):
  <no Python frame>
WARNING:  StatReload detected changes in 'main.py'. Reloading...
Fatal Python error: init_sys_streams: can't initialize sys standard streams
Python runtime state: core initialized
OSError: [Errno 9] Bad file descriptor

Current thread 0x00000001ed44fac0 (most recent call first):
  <no Python frame>
WARNING:  StatReload detected changes in 'controllers/energy_reading_controllers.py'. Reloading...
Fatal Python error: init_sys_streams: can't initialize sys standard streams
Python runtime state: core initialized
OSError: [Errno 9] Bad file descriptor

Current thread 0x00000001ed44fac0 (most recent call first):
  <no Python frame>
WARNING:  StatReload detected changes in 'main.py'. Reloading...
Fatal Python error: init_sys_streams: can't initialize sys standard streams
Python runtime state: core initialized
OSError: [Errno 9] Bad file descriptor

Current thread 0x00000001ed44fac0 (most recent call first):
  <no Python frame>
WARNING:  StatReload detected changes in 'main.py'. Reloading...
Fatal Python error: init_sys_streams: can't initialize sys standard streams
Python runtime state: core initialized
OSError: [Errno 9] Bad file descriptor

Current thread 0x00000001ed44fac0 (most recent call first):
  <no Python frame>
WARNING:  StatReload detected changes in 'controllers/energy_reading_controllers.py'. Reloading...
Fatal Python error: init_sys_streams: can't initialize sys standard streams
Python runtime state: core initialized
OSError: [Errno 9] Bad file descriptor

Current thread 0x00000001ed44fac0 (most recent call first):
  <no Python frame>
WARNING:  StatReload detected changes in 'controllers/energy_reading_controllers.py'. Reloading...
Fatal Python error: init_sys_streams: can't initialize sys standard streams
Python runtime state: core initialized
OSError: [Errno 9] Bad file descriptor

Current thread 0x00000001ed44fac0 (most recent call first):
  <no Python frame>
WARNING:  StatReload detected changes in 'controllers/energy_reading_controllers.py'. Reloading...
Fatal Python error: init_sys_streams: can't initialize sys standard streams
Python runtime state: core initialized
OSError: [Errno 9] Bad file descriptor

Current thread 0x00000001ed44fac0 (most recent call first):
  <no Python frame>
WARNING:  StatReload detected changes in 'main.py'. Reloading...
Fatal Python error: init_sys_streams: can't initialize sys standard streams
Python runtime state: core initialized
OSError: [Errno 9] Bad file descriptor

Current thread 0x00000001ed44fac0 (most recent call first):
  <no Python frame>
WARNING:  StatReload detected changes in 'main.py'. Reloading...
Fatal Python error: init_sys_streams: can't initialize sys standard streams
Python runtime state: core initialized
OSError: [Errno 9] Bad file descriptor

Current thread 0x00000001ed44fac0 (most recent call first):
  <no Python frame>
